 518616
 3318168
 6117624
 8917080
 12386368
 15677512
 18968656
 22259800
 25550944
 28842088
 32133232
 35424376
 38716224
 42068864
 45421504
 48774144
 52126784
 56033592
 59903984
 63810272
 67265504
 70679640
 74093776
 77507912
 80922048
 84336184
 87750320
 91164456
 94578592
 97992728
 101406864
 104821000
 108235136
 111649272
 115063408
 118477544
 121891680
 125305816
 128719952
 132134088
 135548232
 138962528
 142376664
 145790800
 149204936
 152619072
 156033208
 159447344
 162861480
 166275616
 169689752
 173103888
 176518024
 179932160
 183346296
 186760432
 190174568
 193588704
 197002840
 200416976
 203831112
 207245256
 210654432
 214068568
 217482704
 220896840
 224310976
 227725112
 231139248
 234553384
 238484760
 242391048
 246297336
 250203624
 254109912
 258016200
 261922488
 265828776
 269735064
 273641352
 277547640
 281453928
 284909184
 288323320
 291737456
 295151592
 298565728
 301979864
 305394000
 308808136
 312222272
 315636408
 319050544
 322464680
 325878816
 329292952
 332707088
 336121224
 339535360
 343466736
 347373024
 351279312
 354730512
 358144808
 361558944
 364973080
 368387216
 371801352
 375215488
 378629624
 382043760
 385457896
 388872032
 392286168
 395700304
 399114440
 402528576
 405942712
 409356848
 412770984
 416185120
 419599256
 423013392
 426427536
 429836712
 433250848
 436664984
 440079120
 443493256
 446907392
 450321528
 454252904
 458159192
 462065480
 465971768
 469878056
 473784344
 477690632
 481596920
 485503208
 489409496
 493315784
 497222072
 501128360
 504578496
 507992632
 511406768
 514820904
 518235040
 521649176
 525063312
 528477448
 532408824
 536315112
 540221400
 544128392
 548034680
 551940968
 555847256
 559753544
 563659832
 567566120
 571472408
 575378696
 578833952
 582248088
 585662224
 589076360
 592490496
 595904632
 599318768
 602732904
 606147040
 609561176
 612975312
 616389448
 619803584
 623217720
 626631856
 630045992
 633460128
 636874264
 640288400
 643702536
 647116680
 650530976
 653945112
 657359248
 660773384
 664187520
 667601656
 671015792
 674429928
 677844064
 681258200
 684672336
 688086472
 691500608
 694914744
 698328880
 701743016
 705157152
 708571288
 711985424
 715399560
 718813704
 722227992
 725642128
 729056264
 732470400
 735884536
 739298672
 742712808
 746126944
 749541080
 752955216
 756369352
 759783488
 763197624
 766611760
 770025896
 773440032
 776854168
 780268304
 783682440
 787096576
 790510720
 793925016
 797339856
 800753992
 804168128
 807582264
 811513640
 815419928
 819326216
 823232504
 827138792
 831045080
 834951368
 838857656
 842763944
 846670232
 850576520
 854482808
 858389096
 862295384
 866242640
 870174168
 874080456
 877986744
 881893032
 885799320
 889705608
 893611896
 897518184
 901424472
 905330760
 909237048
 913143336
 917049624
 920955912
 924862200
 928768488
 932674776
 936581064
 940487352
 944393640
 948299936
 951714232
 955128368
 958542504
 961956640
 965370776
 968784912
 972199048
 975613184
 979027320
 982441456
 985855592
 989269728
 992683864
 996098000
 999512136
 1002926272
 1006340408
 1009754544
 1013168680
 1016582816
 1019996960
 1023411256
 1026825392
 1030239528
 1033653664
 1037067800
 1040481936
 1043896072
 1047310208
 1050724344
 1054138480
 1057553320
 1060967456
 1064381592
 1067795728
 1071209864
 1074624000
 1078038136
 1082072520
 1086101704
 1090130888
 1093586144
 1097000280
 1100931656
 1104837944
 1108744232
 1112650520
 1116556808
 1120463096
 1124369384
 1128275672
 1132181960
 1136088248
 1139994536
 1143900824
 1147807112
 1151713400
 1155619688
 1159525976
 1163432264
 1167338552
 1170789048
 1174720584
 1178626872
 1182533160
 1186439448
 1190345736
 1194252024
 1198158312
 1202064600
 1205970888
 1209877176
 1213783464
 1217689752
 1221621640
 1225527928
 1229434216
 1233340504
 1237246792
 1241153080
 1245059368
 1248965656
 1252871952
 1256286248
 1259700384
 1263114520
 1266528656
 1269942792
 1273356928
 1276771064
 1280185200
 1283599336
 1287013472
 1290427608
 1293841744
 1297255880
 1300670016
 1304084152
 1307498288
 1310912424
 1314326560
 1317740696
 1321154832
 1324568976
 1327983272
 1331397408
 1334811544
 1338225680
 1341639816
 1345053952
 1348468088
 1351882224
 1355296360
 1358711200
 1362125336
 1365539472
 1368953608
 1372367744
 1375781880
 1379196016
 1383127392
 1387033680
 1390939968
 1394846256
 1398301512
 1401715648
 1405129864
 1409159048
 1413188232
 1417217416
 1421246600
 1425275784
 1429304968
 1433334152
 1437363336
 1441392520
 1445421704
 1449450888
 1453480072
 1457509256
 1461538440
 1465567624
 1469596808
 1473625992
 1477076488
 1480490784
 1483904920
 1487319056
 1490733192
 1494147328
 1497561464
 1500975600
 1504906976
 1508813264
 1512719552
 1516625840
 1520532128
 1524438416
 1528344704
 1532250992
 1536157280
 1540063568
 1543969856
 1547876144
 1551782432
 1555237688
 1558651824
 1562065960
 1565480096
 1569509280
 1573538464
 1577567648
 1581596832
 1585626016
 1589655200
 1593684384
 1597713568
 1601742752
 1605771936
 1609801120
 1613831008
 1617860192
 1621889376
 1625918560
 1629947752
 1633362040
 1636776176
 1640190312
 1643604448
 1647018584
 1650432720
 1653846856
 1657260992
 1660675128
 1664089264
 1667503400
 1670917536
 1674331672
 1677745808
 1681159944
 1684574080
 1687988216
 1691402352
 1694816488
 1698230624
 1701644768
 1705059064
 1708473200
 1711887336
 1715301472
 1718715608
 1722129744
 1725543880
 1728958016
 1732372152
 1735786288
 1739200424
 1742614560
 1746028696
 1749442832
 1752856968
 1756271104
 1759685240
 1763099376
 1766513512
 1769927648
 1773341792
 1776756080
 1780170216
 1783584352
 1786998488
 1790412624
 1793826760
 1797240896
 1800655032
 1804069168
 1807483304
 1811414680
 1815320968
 1819227256
 1823133544
 1827039832
 1830946120
 1834852408
 1838758696
 1842664984
 1846571976
 1850027232
 1853441368
 1856855504
 1860269640
 1863683776
 1867097912
 1870512048
 1873926184
 1877340320
 1880754456
 1884168592
 1887582728
 1890996864
 1894928240
 1898834528
 1902740816
 1906647104
 1910553392
 1914459680
 1918365968
 1921821224
 1925235360
 1928649496
 1932063632
 1935477768
 1938891904
 1942306040
 1945720176
 1949134312
 1952548448
 1955962584
 1959376720
 1962790856
 1966204992
 1969619128
 1973033264
 1976447400
 1979861536
 1983275672
 1987304856
 1991334048
 1994748344
 1998162480
 2001576616
 2004990752
 2008404888
 2011819024
 2015233160
 2018647296
 2022061432
 2025475568
 2028889704
 2032303840
 2035717976
 2039132112
 2042546248
 2045960384
 2049374520
 2052788656
 2056202792
 2059616928
 2063031072
 2066445360
 2069859496
 2073273632
 2076687768
 2080101904
 2083516040
 2087447416
 2091354408
 2095260696
 2099166984
 2103073272
 2106979560
 2110885848
 2114792136
 2118698424
 2122604712
 2126511000
 2130417288
 2134323576
 2138270832
 2141685120
 2145099256
 2148513392
 2151927528
 2155341664
 2158755800
 2162169936
 2165584072
 2168998208
 2172412344
 2175826480
 2179240616
 2182654752
 2186068888
 2189483024
 2192897160
 2196311296
 2199725432
 2203139568
 2206553704
 2209967848
 2213382144
 2216796280
 2220727656
 2224633944
 2228540232
 2232446520
 2236352808
 2240259096
 2244165384
 2248071672
 2251977960
 2255884248
 2259790536
 2263696824
 2267603112
 2271509400
 2275415688
 2279321976
 2283228264
 2287134552
 2291040848
 2294455144
 2297869280
 2301283416
 2304697552
 2308111688
 2311525824
 2314939960
 2318354096
 2321768232
 2325797416
 2329826600
 2333855784
 2337884968
 2341914152
 2345943336
 2349972520
 2354001704
 2358030888
 2362060072
 2366089256
 2369544512
 2372958648
 2376372784
 2379786920
 2383201056
 2386615192
 2390029328
 2393443464
 2396858304
 2400272440
 2403686576
 2407100712
 2410514848
 2413928984
 2417343120
 2420757256
 2424171392
 2427585528
 2430999664
 2434413800
 2437827944
 2441242240
 2444656376
 2448070512
 2451484648
 2454898784
 2458312920
 2461727056
 2465141192
 2468555328
 2471969464
 2475383600
 2478797736
 2482211872
 2485626008
 2489040144
 2492454280
 2495868416
 2499282552
 2502696688
 2506110824
 2509524968
 2512939264
 2516353400
 2519767536
 2523181672
 2526595808
 2530009944
 2533424080
 2536838216
 2540252352
 2543666488
 2547080624
 2550494760
 2553908896
 2557323032
 2560737168
 2564151304
 2567565440
 2570979576
 2574393712
 2577807848
 2581221992
 2584641488
 2588055624
 2591469760
 2594883896
 2598298032
 2601712168
 2605126304
 2608540440
 2611954576
 2615368712
 2618782848
 2622196984
 2625611120
 2629025256
 2632439392
 2635853528
 2639267664
 2642681800
 2646095936
 2649510072
 2652924216
 2656338512
 2659752648
 2663166784
 2666580920
 2669995056
 2673409192
 2676823328
 2680237464
 2683651600
 2687066440
 2690480576
 2694509760
 2698538944
 2702568128
 2706597312
 2710626496
 2714655680
 2718684864
 2722714048
 2726743232
 2730198488
 2733612624
 2737026760
 2740440896
 2743855032
 2747269168
 2750683304
 2754097440
 2757511576
 2760925712
 2764857088
 2768763376
 2772669664
 2776575952
 2780482240
 2784388528
 2788294816
 2792201104
 2796107392
 2800013680
 2803494600
 2806908736
 2810322872
 2813737008
 2817151144
 2820565280
 2823979416
 2827393552
 2830807688
 2834221824
 2837635960
 2841050096
 2844464232
 2847878368
 2851292504
 2855321688
 2859350872
 2863380056
 2867409240
 2871955664
 2875903072
 2879809360
 2883715648
 2887621936
 2891528224
 2895434512
 2899340800
 2903247088
 2907153376
 2911059664
 2914965952
 2918872240
 2922778528
 2926684816
 2930591104
 2934497392
 2938403680
 2942309968
 2946216256
 2950122544
 2953573040
 2956987336
 2960401472
 2963815608
 2967229744
 2970643880
 2974058016
 2977472152
 2980886288
 2984817664
 2988723952
 2992630944
 2996537232
 3000443520
 3004349808
 3008256096
 3012162384
 3016068672
 3019974960
 3023881248
 3027787536
 3031242792
 3034656928
 3038071064
 3041485200
 3044899336
 3048313472
 3051727608
 3055141744
 3058555880
 3061970016
 3065384152
 3068798288
 3072212424
 3075626560
 3079040696
 3082454832
 3085868968
 3089283104
 3092697240
 3096111376
 3099525520
 3102939816
 3106353952
 3109768088
 3113182224
 3116596360
 3120010496
 3123941872
 3127848160
 3131754448
 3135686336
 3139592624
 3143498912
 3147405200
 3151311488
 3155243376
 3159149664
 3163055952
 3166962240
 3170868528
 3174815784
 3178230072
 3181644208
 3185058344
 3188472480
 3191886616
 3195300752
 3198714888
 3202129024
 3205543160
 3208957296
 3212371432
 3215785568
 3219199704
 3222613840
 3226027976
 3229959352
 3233865640
 3237771928
 3241678216
 3245584504
 3249039760
 3252453896
 3255868032
 3259282168
 3262696304
 3266110440
 3269524576
 3272938712
 3276352848
 3279766984
 3283181120
 3286595256
 3290009392
 3293423528
 3296837664
 3300251800
 3303665936
 3307080072
 3310494208
 3313908344
 3317322488
 3320736784
 3324150920
 3327565056
 3330979896
 3334394032
 3337808168
 3341222304
 3344636440
 3348050576
 3351464712
 3354878848
 3358292984
 3361707120
 3365121256
 3368535392
 3371949528
 3375363664
 3378777800
 3382191936
 3385606072
 3389635264
 3393049560
 3396463696
 3399877832
 3403291968
 3406706104
 3410120240
 3413534376
 3416948512
 3420362648
 3423776784
 3427190920
 3430605056
 3434019192
 3437433328
 3440847464
 3444261600
 3447675736
 3451089872
 3454504008
 3457918144
 3461332288
 3464746576
 3468160712
 3471574848
 3474988984
 3478403120
 3481817256
 3485231392
 3488645528
 3492059664
 3495473800
 3498887936
 3502302072
 3505716208
 3509130344
 3512544480
 3515958616
 3519372752
 3522786888
 3526201024
 3529615160
 3533029304
 3536443600
 3540472784
 3544501968
 3548531152
 3552560336
 3556589520
 3560618704
 3564647888
 3568677072
 3572706256
 3576735440
 3580764624
 3584793808
 3588822992
 3592852176
 3596881360
 3600910544
 3604939728
 3608968912
 3612998096
 3616448232
 3619862368
 3623276504
 3626690640
 3630104776
 3633518912
 3636933048
 3640347184
 3643761320
 3647176160
 3650590296
 3654004432
 3657418568
 3660832704
 3664246840
 3667660976
 3671075112
 3674489248
 3677903384
 3681317520
 3684731664
 3688145960
 3691560096
 3694974232
 3698388368
 3701802504
 3705216640
 3708630776
 3712044912
 3715459048
 3718873184
 3722287320
 3725701456
 3729115592
 3732529728
 3735943864
 3739358000
 3742772136
 3746186272
 3749600408
 3753014544
 3756428688
 3759842984
 3763257120
 3766671256
 3770085392
 3773499528
 3776913664
 3780942848
 3784972032
 3789001216
 3793030400
 3797059584
 3801088768
 3805117952
 3809147136
 3813176320
 3817205504
 3821234688
 3825842624
 3830424896
 3835007176
 3838421456
 3841835592
 3845249728
 3848663864
 3852078000
 3855492136
 3858906272
 3862320408
 3865734544
 3869148680
 3872562816
 3875976952
 3879391088
 3882805224
 3886219360
 3889633496
 3893047632
 3896979008
 3900886000
 3904792288
 3908698584
 3912112880
 3915527016
 3918941152
 3922355288
 3925769424
 3929183560
 3932597696
 3936011832
 3939425968
 3942840104
 3946254240
 3949668376
 3953082512
 3956496648
 3959910784
 3963324920
 3966739056
 3970153192
 3973567328
 3976981464
 3980912848
 3984819288
 3988725576
 3992631864
 3996538152
 4000444440
 4004350728
 4008257016
 4012163304
 4016069592
 4019975880
 4023882168
 4027788456
 4031694744
 4035601032
 4039507320
 4043413608
 4047319896
 4051226184
 4055132472
 4059038760
 4062945056
 4066359352
 4069773488
 4073187624
 4076601760
 4080015896
 4083430032
 4086844168
 4090258304
 4093672440
 4097086576
 4100500712
 4103914848
 4107328984
 4110743120
 4114157256
 4117571392
 4120985528
 4124400368
 4127814504
 4131228640
 4134642784
 4138057080
 4141471216
 4144885352
 4148299488
 4151713624
 4155127760
 4158541896
 4161956032
 4165370168
 4168784304
 4172198440
 4175612576
 4179026712
 4182440848
 4185854984
 4189269120
 4192683256
 4196097392
 4199511528
 4202925664
 4206339808
 4209748984
 4213163120
 4216577256
 4219991392
 4223405528
 4226819664
 4230233800
 4233647936
 4237062072
 4240476208
 4243890344
 4247304480
 4250718616
 4254132752
 4257546888
 4260961024
 4264375160
 4267789296
 4271203432
 4274617568
 4278031712
 4281440888
 4284855024
 4288269160
 4291683296
 4295097432
 4298511568
 4301925704
 4305339840
 4308753976
 4312168112
 4315582248
 4318996384
 4322410520
 4325824656
 4329238792
 4332652928
 4336067064
 4339481200
 4342895336
 4346309472
 4349723616
 4353132792
 4356546928
 4359961064
 4363375200
 4366789336
 4370203472
 4373617608
 4377031744
 4380445880
 4383860016
 4387274152
 4390688288
 4394102424
 4397516560
 4400930696
 4404344832
 4408276208
 4412182496
 4416088784
 4419995072
 4423445568
 4426860568
 4430274704
 4433688840
 4437102976
 4440517112
 4443931248
 4447345384
 4450759520
 4454173656
 4457587792
 4461001928
 4464416064
 4467830200
 4471244336
 4474658472
 4478072608
 4481486744
 4484900880
 4488315016
 4491729152
 4495143296
 4498557592
 4501971728
 4505385864
 4508800000
 4512214136
 4515628272
 4519042408
 4522456544
 4525870680
 4529284816
 4532698952
 4536113088
 4539527224
 4543556408
 4547585592
 4551614776
 4555643960
 4559673144
 4563702328
 4567731512
 4571186768
 4574600904
 4578532280
 4582438568
 4586344856
 4590251144
 4594157432
 4598063720
 4601970008
 4605876296
 4609782584
 4613688872
 4617595160
 4621501448
 4625407736
 4629314024
 4633220312
 4637126600
 4641032888
 4644939176
 4648389672
 4651798848
 4655212984
 4658627120
 4662041256
 4665455392
 4668869528
 4672283664
 4675697800
 4679111936
 4682526072
 4685940208
 4689354344
 4692768480
 4696182616
 4699596752
 4703010888
 4706425024
 4709839160
 4713253296
 4716667432
 4720081576
 4723495840
 4726909976
 4730324112
 4733738248
 4737152384
 4740566520
 4743980656
 4747394792
 4750808928
 4754223064
 4757637200
 4761051336
 4764465472
 4767879608
 4771294448
 4774708584
 4778122720
 4781536856
 4784950992
 4788365128
 4791779272
 4795193568
 4798607704
 4802021840
 4805435976
 4808850112
 4812781488
 4816687776
 4820594064
 4824500352
 4828406640
 4832312928
 4836219216
 4840125504
 4844031792
 4847938080
 4851844368
 4855750656
 4859656944
 4863563232
 4867510488
 4870924776
 4874338912
 4877753048
 4881167184
 4884581320
 4887995456
 4891409592
 4894823728
 4898237864
 4901652000
 4905066136
 4908480272
 4911894408
 4915308544
 4918722680
 4922136816
 4925550952
 4928965088
 4932379224
 4935793360
 4939207504
 4942621800
 4946035936
 4949450072
 4952864208
 4956278344
 4959692480
 4963106616
 4966520752
 4969934888
 4973349024
 4976763160
 4980177296
 4983591432
 4987005568
 4990419704
 4993833840
 4997247976
 5000662112
 5004076248
 5007490384
 5010904528
 5014318824
 5017732960
 5021147096
 5024561232
 5027975368
 5031389504
 5034803640
 5038832824
 5042862008
 5046891192
 5050920376
 5054949560
 5058978744
 5063007928
 5067037816
 5071067000
 5075096184
 5079125368
 5083154552
 5087183736
 5090638992
 5094053128
 5097467264
 5100881400
 5104295536
 5107709672
 5111123808
 5114537944
 5117952080
 5121366216
 5124780352
 5128194488
 5131608624
 5135022760
 5138436896
 5141851032
 5145265168
 5148679304
 5152093440
 5155507576
 5158921720
 5162336016
 5165750152
 5169164288
 5172578424
 5175992560
 5179406696
 5182820832
 5186234968
 5189649104
 5193063240
 5196477376
 5199891512
 5203305648
 5206719784
 5210133920
 5213548056
 5216962192
 5220376328
 5223790464
 5227204600
 5230618744
 5234033032
 5237447168
 5240861304
 5244275440
 5247689576
 5251103712
 5255132896
 5259162080
 5263191264
 5267220448
 5271249632
 5275278816
 5279308000
 5283337184
 5287366368
 5291395552
 5295424736
 5299453920
 5303483104
 5307553256
 5310967544
 5314382384
 5317796520
 5321210656
 5324624792
 5328038928
 5331453064
 5334867200
 5338281336
 5341695472
 5345109608
 5348523744
 5351937880
 5355352016
 5358766152
 5362180288
 5365594424
 5369008560
 5372939936
 5376846224
 5380752520
 5384166816
 5387580952
 5390995088
 5394409224
 5397823360
 5401237496
 5404651632
 5408065768
 5411479904
 5414894040
 5418308176
 5421722312
 5425136448
 5428550584
 5431964720
 5435378856
 5438792992
 5442207128
 5445621264
 5449035400
 5452449544
 5455863840
 5459277976
 5462692112
 5466106248
 5469520384
 5472934520
 5476348656
 5479762792
 5483176928
 5486591064
 5490005200
 5493419336
 5496833472
 5500247608
 5503661744
 5507075880
 5510490016
 5513904152
 5517318288
 5520732424
 5524146568
 5527560864
 5530975000
 5534389136
 5537803272
 5541217408
 5544631544
 5548045680
 5551459816
 5554873952
 5558288088
 5561702224
 5565116360
 5568530496
 5571944632
 5575358768
 5578772904
 5582187040
 5585601176
 5589015312
 5592429448
 5595843592
 5599257888
 5602672024
 5606086160
 5609500296
 5612914432
 5616328568
 5619743408
 5623157544
 5626571680
 5629985816
 5633399952
 5636814088
 5640228224
 5643642360
 5647056496
 5650470632
 5653884768
 5657298904
 5660713040
 5664127176
 5667541320
 5670955616
 5674369752
 5677783888
 5681198024
 5684612160
 5688026296
 5691440432
 5694854568
 5698268704
 5701682840
 5705096976
 5708511112
 5711925248
 5715339384
 5718753520
 5722167656
 5726196840
 5730226024
 5734255208
 5738284392
 5741739648
 5745153784
 5748567920
 5751982056
 5755396192
 5758810328
 5762224464
 5765638600
 5769052736
 5772466872
 5775881008
 5779295144
 5782709280
 5786123416
 5789537552
 5792951688
 5796365824
 5799779960
 5803194096
 5806608232
 5810022376
 5813436672
 5816850808
 5820264944
 5823679080
 5827093216
 5830507352
 5833921488
 5837335624
 5840749760
 5844163896
 5847578032
 5850992168
 5854406304
 5857820440
 5861234576
 5864648712
 5868062848
 5871476984
 5874891120
 5878305256
 5881719400
 5885133696
 5888547832
 5891961968
 5895376104
 5898790240
 5902204376
 5905618512
 5909652816
 5913682000
 5917711184
 5921740368
 5925769552
 5929798736
 5933827920
 5937857104
 5941886288
 5945915472
 5949944656
 5953973840
 5958003024
 5961458280
 5964872416
 5968286552
 5971700688
 5975114824
 5978528960
 5981943096
 5985357232
 5988771368
 5992185504
 5995599640
 5999013776
 6002427912
 6005842048
 6009256184
 6012670320
 6016084456
 6019498592
 6022912728
 6026327568
 6029741712
 6033156000
 6036570136
 6039984272
 6043398408
 6046812544
 6050226680
 6053640816
 6057054952
 6060469088
 6063883224
 6067297360
 6070711496
 6074125632
 6077539768
 6080953904
 6084368040
 6087782176
 6091196312
 6094610448
 6098024584
 6101438728
 6104853024
 6108267160
 6111681296
 6115095432
 6118509568
 6121923704
 6125337840
 6128751976
 6132166112
 6135580248
 6138994384
 6142408520
 6145822656
 6149236792
 6152650928
 6156065064
 6159479200
 6162893336
 6166307472
 6169721608
 6173135752
 6176544928
 6179959064
 6183373200
 6186787336
 6190201472
 6193615608
 6197029744
 6200443880
 6203858016
 6207272152
 6210686288
 6214100424
 6217514560
 6220928696
 6224342832
 6227756968
 6231171104
 6234585240
 6237999376
 6241413512
 6244827656
 6248241952
 6251656088
 6255070224
 6258484360
 6261898496
 6265933584
 6269962768
 6273991952
 6278021136
 6282050320
 6286079504
 6290108688
 6294137872
 6298167056
 6302196240
 6306225424
 6310254608
 6314283792
 6318312976
 6322383128
 6325797416
 6329211552
 6332625688
 6336039824
 6339453960
 6342868096
 6346282232
 6349696368
 6353110504
 6356524640
 6359938776
 6363352912
 6366767048
 6370181184
 6373595320
 6377009456
 6380940832
 6384847120
 6388753408
 6392659696
 6396565992
 6399980288
 6403394424
 6406808560
 6410222696
 6413636832
 6417050968
 6420465104
 6423879240
 6427293376
 6430707512
 6434121648
 6437535784
 6440949920
 6444364056
 6447778192
 6451192328
 6454606464
 6458020600
 6461434736
 6464848872
 6468263016
 6471677312
 6475091448
 6478505584
 6481919720
 6485333856
 6488747992
 6492162128
 6495576264
 6498990400
 6502404536
 6505818672
 6509232808
 6512646944
 6516061080
 6519475216
 6522890056
 6526304192
 6529718328
 6533132464
 6536546600
 6539960744
 6543375040
 6546789176
 6550203312
 6553617448
 6557031584
 6560445720
 6563859856
 6567889040
 6571918224
 6575947408
 6579976592
 6584005776
 6588034960
 6592064144
 6596093328
 6600122512
 6604151696
 6608180880
 6612210064
 6616239248
 6619694504
 6623108640
 6626522776
 6629936912
 6633351048
 6636765184
 6640179320
 6643593456
 6647007592
 6650421728
 6653835864
 6657250000
 6660664136
 6664078272
 6667492408
 6670906544
 6674320680
 6677734816
 6681148952
 6684563088
 6687977232
 6691391520
 6694805656
 6698219792
 6701633928
 6705048064
 6708462200
 6711876336
 6715290472
 6718704608
 6722118744
 6725532880
 6728947016
 6732361152
 6735775288
 6739189424
 6742603560
 6746017696
 6750052000
 6754081184
 6758110368
 6761560864
 6764975160
 6768389296
 6771803432
 6775217568
 6778631704
 6782045840
 6785459976
 6788874112
 6792288248
 6795702384
 6799116520
 6802530656
 6805944792
 6809876168
 6813782456
 6817688744
 6821595032
 6825501320
 6829407608
 6833313896
 6836769152
 6840183992
 6843598128
 6847012264
 6850426400
 6853840536
 6857254672
 6860668808
 6864082944
 6867497080
 6870911216
 6874325352
 6877739488
 6881153624
 6884567760
 6887981896
 6891396032
 6894810168
 6898224304
 6901638440
 6905052584
 6908466880
 6911881016
 6915295152
 6918709288
 6922123424
 6925537560
 6928951696
 6932365832
 6935779968
 6939194104
 6943228488
 6947257672
 6951286856
 6955316040
 6959345224
 6963374408
 6967403592
 6971432776
 6975461960
 6979491144
 6982946400
 6986360536
 6989774672
 6993188808
 6996602944
 7000017080
 7003431216
 7006845352
 7010259488
 7013673624
 7017087760
 7020501896
 7023916032
 7027330168
 7030744304
 7034158440
 7037572576
 7040986712
 7044400848
 7047814984
 7051229128
 7054643424
 7058057560
 7061471696
 7064885832
 7068299968
 7071714104
 7075128240
 7078542376
 7081956512
 7085370648
 7088784784
 7092198920
 7095613056
 7099027192
 7102441328
 7105855464
 7109269600
 7112683736
 7116097872
 7119512008
 7122926152
 7126340440
 7129754576
 7133168712
 7136582848
 7139996984
 7143411120
 7146825256
 7150239392
 7153653528
 7157067664
 7160481800
 7163895936
 7167310072
 7170724208
 7174138344
 7177552480
 7181582368
 7185611552
 7189640736
 7193669920
 7197125176
 7200539312
 7204568496
 7208597680
 7212626864
 7216656048
 7220685232
 7224714416
 7228743600
 7232772784
 7236801968
 7240831152
 7244860336
 7248889520
 7252918704
 7256947888
 7260977072
 7265006256
 7269035440
 7273064624
 7276514760
 7279928896
 7283343032
 7286757168
 7290171304
 7293585440
 7296999576
 7300413712
 7303827848
 7307241984
 7310656120
 7314070256
 7317484392
 7320898528
 7324312664
 7327726800
 7331140936
 7334555072
 7337969208
 7341383344
 7344797488
 7348211784
 7351625920
 7355040056
 7358454192
 7361868328
 7365282464
 7368696600
 7372110736
 7376139920
 7380169104
 7384198288
 7388227472
 7392256656
 7396285840
 7400315024
 7404344912
 7408374096
 7412403280
 7416432464
 7420461648
 7423916904
 7427331040
 7430745176
 7434159312
 7437573448
 7440987584
 7444401720
 7447815856
 7451229992
 7454644128
 7458058264
 7461472400
 7464886536
 7468300672
 7471714808
 7475128944
 7478543080
 7481957216
 7485371352
 7488785488
 7492199632
 7495613928
 7499028064
 7502442200
 7505856336
 7509270472
 7512684608
 7516098744
 7519512880
 7522927016
 7526341152
 7529755288
 7533169424
 7536583560
 7539997696
 7543411832
 7546825968
 7550240104
 7553654240
 7557068376
 7560482512
 7563896656
 7567305832
 7570719968
 7574134104
 7577548240
 7580962376
 7584376512
 7587790648
 7591204784
 7594618920
 7598033056
 7601447192
 7604861328
 7608275464
 7611689600
 7615103736
 7618517872
 7621932008
 7625346848
 7628760984
 7632175120
 7636106504
 7640012952
 7643919240
 7647825528
 7651731816
 7655638104
 7659544392
 7663450680
 7667356968
 7671263256
 7675169544
 7679075832
 7682982120
 7686888408
 7690794696
 7694700984
 7698607272
 7702513560
 7706419848
 7710326136
 7714811112
 7718261248
 7721675384
 7725089520
 7728503656
 7731917792
 7735331928
 7738746064
 7742160200
 7745574336
 7748988472
 7752402608
 7755816744
 7759230880
 7762645016
 7766059152
 7769473288
 7772887424
 7776301560
 7779715696
 7783129832
 7786543976
 7789958272
 7793372408
 7796786544
 7800200680
 7803614816
 7807028952
 7810443088
 7813857224
 7817271360
 7820685496
 7824099632
 7827513768
 7830927904
 7834342040
 7837756176
 7841170312
 7844584448
 7847998584
 7851412720
 7854826856
 7858241000
 7861655296
 7865069432
 7868483568
 7871897704
 7875311840
 7878725976
 7882140112
 7885554248
 7888968384
 7892382520
 7895796656
 7899210792
 7902625632
 7906039768
 7909453904
 7912868040
 7916282176
 7919696312
 7923110448
 7926524584
 7929938728
 7933353024
 7936767160
 7940181296
 7943595432
 7947009568
 7950423704
 7953837840
 7957251976
 7960666112
 7964080248
 7967494384
 7970908520
 7974322656
 7978254032
 7982160320
 7986066608
 7989972896
 7993879184
 7997785472
 8001691760
 8005147016
 8008561152
 8011975288
 8015389424
 8018803560
 8022217696
 8025631832
 8029045968
 8032460104
 8035874240
 8039288376
 8042702512
 8046116648
 8049530784
 8052944920
 8056359056
 8059773192
 8063187328
 8066601464
 8070015600
 8073429744
 8076844040
 8080258176
 8083672312
 8087086448
 8090500584
 8093914720
 8097328856
 8100742992
 8104157128
 8107571264
 8110985400
 8114399536
 8117813672
 8121227808
 8124641944
 8128056080
 8131470216
 8134884352
 8138298488
 8141712624
 8145126768
 8148541064
 8151955200
 8155369336
 8158783472
 8162197608
 8166231912
 8170261096
 8174290280
 8178319464
 8182349352
 8186378536
 8190407720
 8194436904
 8198466088
 8202495272
 8206524456
 8210553640
 8214582824
 8218612008
 8222682160
 8226096448
 8229510584
 8232924720
 8236338856
 8239752992
 8243167128
 8246581264
 8249995400
 8253409536
 8256823672
 8260237808
 8263651944
 8267066080
 8270480216
 8273894352
 8277308488
 8280722624
 8284136760
 8287550896
 8290965032
 8294379176
 8297793472
 8301207608
 8304621744
 8308035880
 8311450016
 8314864152
 8318278288
 8321692424
 8325106560
 8328520696
 8331934832
 8335348968
 8338763104
 8342177240
 8345591376
 8349005512
 8352419648
 8355833784
 8359247920
 8362662056
 8366076200
 8369490496
 8372904632
 8376318768
 8379732904
 8383147040
 8386561176
 8389975312
 8393390152
 8396804288
 8400218424
 8403632560
 8407046696
 8410460832
 8413874968
 8417289104
 8420703240
 8424117376
 8428146560
 8432175744
 8436204928
 8439655424
 8443069720
 8446483856
 8449897992
 8453312128
 8456726264
 8460140400
 8463554536
 8466968672
 8470382808
 8473796944
 8477211080
 8480625216
 8484039352
 8487453488
 8490867624
 8494281760
 8497695896
 8501110032
 8504524168
 8507938304
 8511352448
 8514766744
 8518795928
 8522825112
 8526854296
 8530883480
 8534912664
 8538941848
 8542971032
 8547000216
 8551029400
 8555058584
 8559087768
 8563116952
 8567146136
 8571175320
 8575204504
 8579233688
 8583262872
 8587292056
 8591321240
 8594771376
 8598185512
 8601599648
 8605013784
 8608427920
 8611842056
 8615256192
 8618670328
 8622084464
 8625498600
 8628912736
 8632326872
 8635741008
 8639155144
 8642569280
 8645983416
 8649397552
 8652812392
 8656226528
 8659640664
 8663054808
 8666469104
 8669883240
 8673297376
 8676711512
 8680125648
 8683539784
 8686953920
 8690368056
 8693782192
 8697196328
 8700610464
 8704024600
 8707438736
 8710852872
 8714267008
 8717681144
 8721095280
 8724509416
 8727923552
 8731337688
 8734751832
 8738166128
 8741580264
 8744994400
 8748408536
 8751822672
 8755236808
 8758650944
 8762065080
 8765479216
 8768893352
 8772307488
 8775721624
 8779135760
 8782549896
 8785964032
 8789378168
 8792792304
 8796206440
 8799620576
 8803034712
 8807069024
 8810483320
 8813897456
 8817311592
 8820725728
 8824139864
 8827554000
 8830968136
 8834382272
 8837796408
 8841210544
 8844624680
 8848038816
 8852068000
 8856097184
 8860126368
 8864155552
 8868184736
 8872214624
 8876243808
 8880272992
 8883728248
 8887142384
 8890556520
 8893970656
 8897384792
 8900798928
 8904213064
 8907627200
 8911041336
 8914455472
 8917869608
 8921283744
 8924697880
 8928112016
 8931526152
 8934940288
 8938354424
 8941768560
 8945182696
 8948596832
 8952010976
 8955425272
 8958839408
 8962253544
 8965667680
 8969081816
 8972495952
 8975910088
 8979324224
 8982738360
 8986152496
 8989566632
 8992980768
 8996394904
 8999809040
 9003223176
 9006637312
 9010051448
 9013465584
 9016879720
 9020293856
 9023708000
 9027122296
 9030536432
 9033950568
 9037364704
 9040778840
 9044192976
 9047607112
 9051021248
 9054435384
 9057849520
 9061263656
 9064677792
 9068091928
 9071506064
 9074920200
 9078334336
 9081748472
 9085162608
 9088576744
 9091991584
 9095405728
 9098820024
 9102234160
 9105648296
 9109062432
 9112476568
 9115890704
 9119304840
 9122718976
 9126133112
 9129547248
 9132961384
 9136375520
 9139789656
 9143203792
 9146617928
 9150032064
 9153446200
 9156860336
 9160274472
 9163688608
 9167102752
 9170517048
 9173931184
 9177345320
 9180759456
 9184173592
 9187587728
 9191001864
 9194416000
 9197830136
 9201244272
 9204658408
 9208072544
 9211486680
 9214900816
 9218314952
 9221729088
 9225143224
 9228557360
 9231971496
 9235385632
 9238799776
 9242214072
 9245628208
 9249042344
 9252456480
 9255870616
 9259285456
 9262699592
 9266113728
 9269527864
 9272942000
 9276356136
 9279770272
 9283184408
 9286598544
 9290012680
 9293426816
 9296840952
 9300870136
 9304899320
 9308928504
 9312379000
 9315788176
 9319202312
 9322616448
 9326030584
 9329444720
 9333376096
 9337282384
 9341188672
 9345094960
 9349001248
 9352907536
 9356813824
 9360720112
 9364626400
 9368532688
 9372438976
 9376345264
 9380251552
 9384157840
 9388105096
 9391519384
 9394933520
 9398347656
 9401761792
 9405175928
 9408590064
 9412004200
 9415418336
 9418832472
 9422246608
 9425660744
 9429074880
 9432489016
 9435903152
 9439317288
 9442731424
 9446145560
 9449559696
 9452973832
 9456387968
 9460417160
 9463831456
 9467245592
 9470659728
 9474073864
 9477488000
 9480902136
 9484316272
 9487730408
 9491144544
 9494558680
 9497972816
 9501386952
 9504801088
 9508215224
 9511629360
 9515043496
 9518457632
 9521871768
 9525285904
 9528700040
 9532114184
 9535528480
 9538942616
 9542356752
 9545770888
 9549185024
 9552599160
 9556013296
 9559427432
 9562841568
 9566255704
 9569669840
 9573083976
 9576498112
 9579912248
 9583326384
 9586740520
 9590154656
 9593568792
 9596983632
 9600397768
 9603811912
 9607226208
 9610640344
 9614054480
 9617468616
 9620882752
 9624296888
 9627711024
 9631125160
 9634539296
 9637953432
 9641367568
 9645298944
 9649205232
 9653111520
 9657017808
 9660924096
 9664830384
 9668736672
 9672642960
 9676549248
 9680004504
 9683418640
 9686832776
 9690246912
 9693661048
 9697075184
 9700489320
 9703903456
 9707317592
 9710731728
 9714145864
 9717560000
 9720974136
 9724388272
 9727802408
 9731216544
 9734630680
 9738044816
 9741458952
 9744873088
 9748287232
 9751701528
 9755115664
 9758529800
 9761943936
 9765358072
 9768772208
 9772186344
 9775600480
 9779014616
 9782428752
 9785842888
 9789257024
 9792671160
 9796085296
 9799499432
 9802913568
 9806327704
 9809741840
 9813155976
 9816570112
 9819984256
 9823398552
 9826812688
 9830226824
 9833640960
 9837055096
 9840469232
 9843883368
 9847297504
 9850711640
 9854125776
 9857539912
 9860954048
 9864368184
 9868397368
 9872426552
 9876455736
 9880485624
 9884514808
 9888543992
 9892573176
 9896028432
 9899442568
 9902856704
 9906270840
 9909684976
 9913099112
 9916513248
 9919927384
 9923341520
 9927272896
 9931179184
 9935085472
 9938991760
 9942898048
 9946804336
 9950710624
 9954616912
 9958523200
 9962429488
 9966335776
 9969791032
 9973205168
 9976619304
 9980033440
 9983447576
 9986861712
 9990275848
 9993689984
 9997104120
 10000518256
 10003932392
 10007346528
 10010760664
 10014174800
 10017588936
 10021003072
 10024417208
 10027831344
 10031245480
 10034659616
 10038073760
 10041488056
 10044902192
 10048316328
 10051730464
 10055144600
 10058558736
 10061972872
 10065387008
 10069318384
 10073250272
 10077156560
 10081062848
 10084969136
 10088875424
 10092781712
 10096688000
 10100594288
 10104501280
 10108407568
 10112313856
 10115769112
 10119183248
 10122597384
 10126011520
 10129425656
 10132839792
 10136253928
 10139668064
 10143082200
 10146496336
 10149910472
 10153324608
 10156738744
 10160152880
 10163567016
 10166981152
 10170395288
 10173809424
 10177223560
 10180637696
 10184051840
 10187466128
 10190880264
 10194294400
 10197708536
 10201122672
 10204536808
 10207950944
 10211365080
 10214779216
 10218193352
 10221607488
 10225021624
 10228435760
 10231849896
 10235264032
 10238678168
 10242092304
 10245506440
 10248920576
 10252334712
 10255748856
 10259163152
 10262577288
 10265991424
 10270020608
 10274049792
 10278078976
 10282108160
 10286137344
 10290166528
 10294195712
 10298224896
 10302254080
 10306283264
 10310312448
 10314341632
 10318370816
 10322400000
 10326429184
 10330458368
 10334487552
 10338516744
 10341931040
 10345345176
 10348760016
 10352174152
 10355588288
 10359002424
 10362416560
 10366347936
 10370254224
 10374160512
 10378066800
 10381973088
 10385879376
 10389785664
 10393691952
 10397598240
 10401504528
 10405410816
 10409317104
 10413223392
 10416678648
 10420092784
 10423506920
 10426921056
 10430335192
 10433749328
 10437163464
 10440577600
 10443991736
 10447405872
 10450820008
 10454234144
 10457648280
 10461062416
 10464476552
 10467890688
 10471304824
 10474718960
 10478133096
 10481547232
 10484961376
 10488375672
 10491789808
 10495203944
 10498618080
 10502549456
 10506455744
 10510362032
 10514268320
 10518174608
 10522080896
 10525987184
 10529893472
 10533799760
 10537706048
 10541612336
 10545518624
 10549424912
 10553331200
 10557237488
 10561143784
 10564558072
 10567972208
 10571386344
 10574800480
 10578214616
 10582243800
 10586272984
 10590302168
 10594331352
 10598360536
 10602389720
 10606418904
 10610448088
 10614477272
 10618506456
 10622535640
 10626564824
 10630594008
 10634623192
 10638693344
 10642108336
 10645522472
 10648936608
 10652350744
 10655764880
 10659179016
 10662593152
 10666007288
 10669421424
 10672835560
 10676249696
 10679663832
 10683077968
 10686492104
 10689906240
 10693320376
 10696734512
 10700148648
 10703562784
 10707494160
 10711400456
 10714814752
 10718228888
 10721643024
 10725057160
 10728471296
 10731885432
 10735299568
 10738713704
 10742127840
 10745541976
 10748956112
 10752370248
 10755784384
 10759198520
 10762612656
 10766026792
 10769440928
 10772855064
 10776269200
 10779683336
 10783614720
 10787516040
 10791422328
 10795328616
 10799234904
 10803141192
 10807047480
 10810953768
 10814860056
 10818766344
 10822672632
 10826578920
 10830485208
 10834391496
 10838297784
 10842204072
 10846110360
 10850016648
 10853922936
 10857829224
 10861735512
 10865641808
 10869056104
 10872470240
 10875884376
 10879298512
 10882712648
 10886126784
 10889540920
 10892955056
 10896369192
 10899783328
 10903197464
 10906611600
 10910025736
 10913440576
 10916854712
 10920268848
 10923682984
 10927097120
 10930511256
 10933925392
 10937339536
 10940753832
 10944167968
 10947582104
 10950996240
 10954410376
 10957824512
 10961238648
 10964652784
 10968066920
 10971481056
 10975412432
 10979318720
 10983225008
 10987131296
 10991037584
 10994943872
 10998850160
 11002756448
 11006662736
 11010569024
 11014024280
 11017438416
 11020852552
 11024266688
 11027680824
 11031094960
 11034509096
 11038440472
 11042346760
 11046253048
 11050159336
 11054065624
 11057971912
 11061878200
 11065784488
 11069690776
 11073597064
 11077503352
 11081409640
 11085315928
 11088771184
 11092185320
 11095599456
 11099013592
 11102427728
 11105841864
 11109256000
 11112670136
 11116084272
 11119498408
 11122912544
 11126326680
 11129740816
 11133154952
 11136569088
 11139983224
 11143397360
 11146811496
 11150225632
 11153639768
 11157053912
 11160468208
 11163882344
 11167296480
 11170710616
 11174124752
 11177538888
 11180953024
 11184367160
 11187781296
 11191195432
 11194609568
 11198023704
 11201437840
 11204851976
 11208266112
 11211680248
 11215094384
 11218508520
 11221923360
 11225337496
 11228751640
 11232165928
 11235580064
 11238994200
 11242408336
 11245822472
 11249236608
 11252650744
 11256064880
 11259479016
 11262893152
 11266307288
 11269721424
 11273135560
 11276549696
 11279963832
 11283377968
 11286792104
 11290206240
 11293620376
 11297034512
 11300448656
 11303862952
 11307277088
 11310691224
 11314105360
 11317519496
 11320933632
 11324347768
 11327761904
 11331693280
 11335599568
 11339505856
 11343412144
 11347318432
 11351224720
 11355131008
 11359037296
 11362943584
 11366849872
 11370756160
 11374662448
 11378117704
 11381531840
 11384945976
 11388360112
 11391774248
 11395188384
 11399217568
 11403246752
 11407275936
 11411305120
 11415334304
 11419363488
 11423392672
 11427421856
 11431451040
 11435480928
 11439510112
 11443539296
 11447568480
 11451638632
 11455052920
 11458467056
 11461881192
 11465295328
 11468709464
 11472123600
 11475537736
 11478951872
 11482366008
 11485780144
 11489194280
 11492608416
 11496022552
 11499436688
 11502850824
 11506264960
 11509679096
 11513093232
 11516507368
 11519921504
 11523335648
 11526749944
 11530164080
 11533578216
 11536992352
 11540406488
 11543820624
 11547234760
 11550648896
 11554063032
 11557477168
 11560891304
 11564305440
 11567719576
 11571133712
 11574547848
 11577961984
 11581376120
 11584790256
 11588204392
 11591618528
 11595032672
 11598446968
 11601861104
 11605275240
 11608689376
 11612103512
 11615517648
 11618931784
 11622345920
 11625760056
 11629174192
 11632588328
 11636002464
 11639416600
 11643347976
 11647254264
 11651160552
 11655066840
 11658973128
 11662879416
 11666785704
 11670240960
 11673655096
 11677069232
 11680483368
 11683897504
 11687311640
 11690725776
 11694139912
 11697554048
 11700968184
 11704382320
 11707796456
 11711210592
 11714624728
 11718038864
 11721453000
 11724867136
 11728281272
 11731696112
 11735110248
 11738524392
 11741938680
 11745352816
 11748766952
 11752181088
 11755595224
 11759009360
 11762423496
 11765837632
 11769251768
 11772665904
 11776080040
 11779494176
 11782908312
 11786322448
 11789736584
 11793150720
 11796564856
 11799978992
 11803393128
 11806807264
 11810221408
 11813635704
 11817567080
 11821473368
 11825379656
 11829285944
 11833192232
 11837098520
 11841004808
 11844911096
 11848817384
 11852723672
 11856629960
 11860536248
 11864442536
 11868348824
 11872255112
 11876161400
 11880646376
 11885105752
 11889565128
 11893015264
 11896429400
 11899843536
 11903257672
 11906671808
 11910085944
 11913500080
 11916914216
 11920328352
 11923742488
 11927156624
 11930570760
 11933984896
 11937399032
 11940813168
 11944227304
 11947641440
 11951670624
 11955699808
 11959728992
 11963758184
 11967172480
 11970586616
 11974000752
 11977414888
 11980829024
 11984243160
 11987657296
 11991071432
 11994485568
 11997899704
 12001313840
 12004727976
 12008142112
 12011556248
 12014970384
 12018384520
 12021798656
 12025212792
 12028626928
 12032041064
 12035455208
 12038869504
 12042283640
 12045697776
 12049112616
 12052526752
 12055940888
 12059355024
 12062769160
 12066183296
 12069597432
 12073011568
 12076425704
 12079839840
 12083253976
 12086668112
 12090082248
 12093496384
 12096910520
 12100324656
 12103738792
 12107152936
 12110567232
 12113981368
 12117395504
 12120809640
 12124223776
 12127637912
 12131052048
 12134466184
 12137880320
 12141294456
 12144708592
 12148122728
 12151536864
 12154951000
 12158365136
 12161779272
 12165193408
 12168607544
 12172021680
 12175435816
 12178849960
 12182264256
 12185678392
 12189092528
 12192506664
 12195920800
 12199334936
 12202749072
 12206163208
 12209577344
 12212991480
 12216405616
 12219819752
 12223233888
 12226648024
 12230062160
 12233476296
 12236890432
 12240304568
 12243718704
 12247132840
 12250546984
 12253961280
 12257375416
 12260789552
 12264203688
 12267617824
 12271031960
 12274446096
 12277860232
 12281274368
 12284688504
 12288102640
 12291516776
 12294930912
 12298345048
 12301759184
 12305173320
 12308587456
 12312001592
 12315415728
 12318829864
 12322244008
 12325658304
 12329072440
 12332486576
 12335900712
 12339314848
 12342728984
 12346143120
 12349557256
 12352971392
 12356385528
 12359799664
 12363213800
 12366627936
 12370042072
 12373456208
 12376870344
 12380284480
 12383698616
 12387112752
 12390526888
 12393941032
 12397355328
 12400769464
 12404183600
 12407623400
 12411591136
 12415558872
 12419526608
 12423494344
 12427462080
 12431429816
 12435397552
 12439365288
 12443333024
 12447301464
 12451269200
 12455236936
 12459204672
 12463172408
 12467140144
 12471107888
 12475039416
 12478945704
 12482851992
 12486758280
 12490664568
 12494570856
 12498477144
 12502383432
 12506289720
 12510196008
 12514102296
 12518008584
 12521914872
 12525821160
 12529727448
 12533633736
 12537540024
 12541446312
 12545352600
 12549258888
 12553165192
 12556579480
 12559993616
 12563407752
 12566821888
 12570236024
 12573650160
 12577064296
 12580478432
 12583892568
 12587306704
 12590720840
 12594134976
 12597549112
 12600963248
 12604377384
 12607791520
 12611205656
 12614619792
 12618033928
 12621448064
 12624862208
 12628276496
 12631690632
 12635104768
 12638518904
 12641933040
 12645347176
 12648761312
 12652175448
 12655589584
 12659003720
 12662417856
 12665831992
 12669246128
 12672660264
 12676074400
 12679488536
 12682902672
 12686316808
 12689731648
 12693145784
 12696559928
 12699974224
 12703388360
 12706802496
 12710216632
 12713630768
 12717044904
 12720459040
 12723873176
 12727287312
 12730701448
 12734115584
 12737529720
 12740943856
 12744357992
 12747772128
 12751186264
 12754600400
 12758014536
 12761428672
 12764842808
 12768256952
 12771671248
 12775085384
 12778499520
 12781913656
 12785327792
 12788741928
 12792156064
 12795570200
 12798984336
 12802398472
 12805812608
 12809226744
 12813158120
 12817064408
 12820970696
 12824876984
 12828783272
 12832689560
 12836595848
 12840502136
 12843957392
 12847371528
 12850785664
 12854199800
 12857613936
 12861545312
 12865451600
 12869357888
 12873264176
 12877170464
 12881076752
 12884983040
 12888889328
 12892795616
 12896701904
 12900608192
 12904515184
 12908421472
 12912327760
 12916275016
 12919689304
 12923103440
 12926517576
 12929931712
 12933345848
 12936759984
 12940174120
 12943588256
 12947002392
 12950416528
 12953830664
 12957244800
 12960658936
 12964073072
 12967487208
 12970901344
 12974315480
 12977729616
 12981143752
 12984557888
 12987972032
 12991386328
 12994800464
 12998214600
 13001628736
 13005042872
 13008457008
 13011871144
 13015285280
 13018699416
 13022113552
 13025527688
 13028941824
 13032355960
 13035770096
 13039184232
 13042598368
 13046012504
 13049426640
 13052840776
 13056254912
 13059669056
 13063083352
 13066497488
 13069911624
 13073325760
 13076739896
 13080154032
 13083568168
 13086982304
 13090975640
 13094943376
 13098911112
 13102878848
 13106846584
 13110814320
 13114782056
 13118749792
 13122717528
 13126685264
 13130653000
 13134620736
 13138076696
 13141490832
 13144904968
 13148836344
 13152742632
 13156648920
 13160555208
 13164461496
 13168367784
 13172274072
 13176180360
 13180086648
 13183992936
 13187899224
 13191805512
 13195711800
 13199618088
 13203524376
 13207430664
 13211336952
 13215243248
 13218657544
 13222071680
 13225485816
 13228899952
 13232314088
 13235728224
 13239142360
 13242556496
 13245970632
 13249384768
 13252798904
 13256213040
 13259627176
 13263041312
 13266455448
 13269869584
 13273283720
 13276697856
 13280111992
 13283526128
 13286940272
 13290354568
 13293768704
 13297182840
 13300596976
 13304011112
 13307425248
 13310839384
 13314253520
 13317667656
 13321081792
 13324495928
 13327910064
 13331324200
 13334738336
 13338152472
 13341566608
 13344980744
 13348394880
 13351809016
 13355223152
 13358637296
 13362051592
 13365465728
 13368879864
 13372294000
 13375708136
 13379122272
 13382536408
 13385950544
 13389364680
 13392778816
 13396192952
 13400124328
 13404031320
 13407937608
 13411843896
 13415750184
 13419656472
 13423562760
 13427469048
 13431375336
 13434830592
 13438244728
 13441658864
 13445073000
 13448487136
 13451901272
 13455315408
 13458729544
 13462143680
 13465557816
 13468971952
 13472386088
 13476317464
 13480223752
 13484130040
 13488036328
 13491942616
 13495848904
 13499755192
 13503661480
 13507116736
 13510530872
 13513945008
 13517359144
 13520773280
 13524187416
 13527601552
 13531015688
 13534429824
 13537843960
 13541258096
 13544672232
 13548086368
 13551500504
 13554914640
 13558328776
 13561742912
 13565157048
 13568571184
 13571985320
 13575399464
 13578813760
 13582227896
 13585642032
 13589056168
 13592470304
 13595884440
 13599298576
 13602712712
 13606126848
 13609540984
 13612955120
 13616369256
 13619783392
 13623197528
 13626611664
 13630025800
 13633439936
 13636854072
 13640268208
 13643682344
 13647096488
 13650536448
 13654504184
 13658471920
 13662439656
 13666407392
 13670375128
 13674342864
 13678310600
 13682278336
 13686246072
 13690213808
 13694182248
 13698149984
 13702117720
 13706085456
 13710053192
 13714020928
 13717988664
 13721956400
 13725924136
 13729374272
 13732788408
 13736202544
 13739616680
 13743030816
 13746444952
 13749859088
 13753273224
 13756687360
 13760101496
 13763515632
 13766929768
 13770343904
 13773758040
 13777172176
 13780586312
 13784000448
 13787414584
 13790828720
 13794242856
 13797657000
 13801071296
 13804485432
 13807899568
 13811313704
 13814727840
 13818141976
 13821556112
 13824970248
 13828384384
 13831798520
 13835212656
 13838626792
 13842040928
 13845455064
 13848869200
 13852283336
 13855697472
 13859111608
 13862525744
 13865939880
 13869354024
 13872768320
 13876182456
 13879596592
 13883010728
 13886424864
 13889839000
 13893253136
 13896667272
 13900081408
 13903495544
 13906909680
 13910841056
 13914747344
 13918653632
 13922559920
 13926466208
 13930373200
 13934279488
 13938185776
 13942092064
 13945547320
 13948961456
 13952375592
 13955789728
 13959203864
 13962618000
 13966032136
 13969446272
 13973475456
 13977504640
 13981533824
 13985563008
 13989592192
 13993621376
 13997650560
 14001679744
 14005708928
 14009738112
 14013767296
 14017796480
 14021246616
 14024660752
 14028074888
 14031489024
 14034903160
 14038317296
 14041731432
 14045145568
 14048559704
 14051973840
 14055387976
 14058802112
 14062216248
 14065630384
 14069044520
 14072458656
 14075872792
 14079286928
 14082701064
 14086115200
 14089529344
 14092943632
 14096972816
 14101002000
 14105031184
 14109060368
 14113089552
 14117118736
 14121147920
 14125177104
 14129206288
 14133235472
 14137264656
 14141293840
 14145323024
 14149352208
 14153382096
 14157411280
 14161440464
 14165469648
 14169498832
 14172948968
 14176363104
 14179777240
 14183191376
 14186605512
 14190019648
 14193433784
 14196847920
 14200262056
 14203676192
 14207090328
 14210504464
 14213918600
 14217332736
 14220746872
 14224161008
 14227575144
 14230989280
 14234403416
 14237817552
 14241231696
 14244645992
 14248060128
 14251474264
 14254888400
 14258302536
 14261716672
 14265648048
 14269554336
 14273460624
 14277366912
 14281273200
 14285179488
 14289085776
 14292992064
 14296898352
 14300804640
 14304710928
 14308617216
 14312523504
 14316470760
 14319885048
 14323299184
 14326713320
 14330127456
 14333541592
 14336955728
 14340369864
 14343784000
 14347198136
 14351129512
 14355035800
 14358942088
 14362848376
 14366754664
 14370660952
 14374567240
 14378473528
 14382379816
 14386286104
 14390192392
 14393647648
 14397061784
 14400475920
 14403890056
 14407304192
 14410718328
 14414132464
 14417546600
 14420960736
 14424375576
 14427789712
 14431203848
 14434617984
 14438032120
 14441446256
 14444860392
 14448274528
 14451688664
 14455102800
 14458516936
 14461931080
 14465340256
 14468754392
 14472168528
 14475582664
 14478996800
 14482410936
 14485825072
 14489239208
 14492653344
 14496067480
 14499481616
 14502895752
 14506309888
 14509724024
 14513138160
 14516552296
 14519966432
 14523380568
 14526794704
 14530208840
 14533622984
 14537037280
 14540451416
 14543865552
 14547279688
 14550693824
 14554107960
 14557522096
 14560936232
 14564350368
 14567764504
 14571178640
 14574592776
 14578006912
 14581421048
 14584835184
 14588249320
 14591663456
 14595077592
 14599008968
 14602915256
 14606821552
 14610235848
 14613649984
 14617064120
 14620478256
 14623892392
 14627306528
 14630720664
 14634134800
 14637548936
 14640963072
 14644377208
 14647791344
 14651205480
 14654619616
 14658033752
 14661447888
 14664862024
 14668276864
 14671691000
 14675105136
 14678519280
 14681928456
 14685342592
 14688756728
 14692170864
 14695585000
 14698999136
 14702413272
 14705827408
 14709241544
 14712655680
 14716069816
 14719483952
 14722898088
 14726312224
 14729726360
 14733140496
 14736554632
 14739968768
 14743382904
 14746797040
 14750211184
 14753625480
 14757039616
 14760453752
 14763867888
 14767282024
 14770696160
 14774110296
 14777524432
 14780938568
 14784352704
 14787766840
 14791180976
 14794595112
 14798009248
 14801423384
 14805354760
 14809261048
 14813167336
 14817073624
 14820979912
 14824435168
 14827849304
 14831263440
 14834677576
 14838091712
 14841505848
 14844919984
 14848334120
 14851748256
 14855162392
 14858576528
 14861990664
 14865404800
 14868818936
 14872233072
 14875647208
 14879061344
 14882475480
 14885889616
 14889303752
 14892717896
 14896132192
 14899546328
 14902960464
 14906374600
 14909788736
 14913202872
 14916617008
 14920031144
 14923445280
 14926860120
 14930274256
 14933688392
 14937102528
 14940516664
 14943930800
 14947344936
 14950759072
 14954690448
 14958596736
 14962503024
 14966409320
 14969823616
 14973237752
 14976651888
 14980066024
 14983480160
 14986894296
 14990308432
 14993722568
 14997136704
 15000550840
 15003964976
 15007379112
 15010793248
 15014207384
 15017621520
 15021035656
 15024449792
 15027863928
 15031278064
 15034692200
 15038685544
 15042099832
 15045513968
 15049445344
 15053351632
 15057257920
 15061164208
 15065070496
 15068976784
 15072883072
 15076789360
 15080695648
 15084601936
 15088508224
 15092414512
 15096320800
 15100227088
 15104133376
 15108039664
 15111945952
 15115852240
 15119302736
 15122717024
 15126131160
 15129545296
 15132959432
 15136373568
 15139787704
 15143201840
 15146615976
 15150030112
 15153444248
 15156858384
 15160272520
 15163686656
 15167100792
 15170514928
 15173929064
 15177343200
 15180757336
 15184171472
 15187585608
 15190999752
 15194414048
 15197828184
 15201242320
 15204656456
 15208070592
 15211484728
 15214898864
 15218313000
 15221727136
 15225141272
 15228555408
 15231969544
 15235383680
 15238797816
 15242211952
 15245626088
 15249040224
 15252454360
 15255868496
 15259282632
 15262696776
 15266111072
 15269525208
 15272939344
 15276353480
 15279767616
 15283181752
 15286595888
 15290010024
 15293424160
 15296838296
 15300252432
 15303666568
 15307081408
 15310495544
 15313909680
 15317323816
 15320737952
 15324152088
 15327566224
 15330980360
 15334394504
 15337808800
 15341222936
 15344637072
 15348051208
 15351465344
 15354879480
 15358293616
 15361707752
 15365121888
 15368536024
 15371950160
 15375364296
 15378778432
 15382192568
 15385606704
 15389020840
 15392434976
 15396366352
 15400272640
 15404178928
 15408085224
 15411499520
 15414913656
 15418845032
 15422751320
 15426657608
 15430563896
 15434470184
 15438376472
 15442282760
 15446189048
 15450095336
 15454001624
 15457933512
 15461839800
 15465746088
 15469652376
 15473558664
 15477464952
 15481371240
 15485277528
 15488728024
 15492142320
 15495556456
 15498970592
 15502384728
 15505798864
 15509213000
 15512627136
 15516041272
 15519455408
 15522869544
 15526283680
 15529697816
 15533111952
 15536526088
 15539940224
 15543354360
 15546768496
 15550182632
 15553596768
 15557010904
 15560425048
 15563839344
 15567253480
 15570667616
 15574081752
 15577495888
 15580910024
 15584324160
 15587738296
 15591152432
 15594566568
 15597980704
 15601394840
 15604808976
 15608223112
 15611637248
 15615051384
 15618465520
 15621879656
 15625293792
 15628707928
 15632122072
 15635536368
 15638950504
 15642364640
 15645778776
 15649192912
 15652607752
 15656021888
 15659436024
 15662850160
 15666264296
 15669678432
 15673092568
 15676506704
 15679920840
 15683334976
 15686749112
 15690680488
 15694586776
 15698493064
 15702424952
 15706367088
 15709781376
 15713195512
 15716609648
 15720023784
 15723437920
 15726852056
 15730266192
 15733680328
 15737094464
 15740508600
 15743922736
 15747336872
 15750751008
 15754165144
 15757579280
 15760993416
 15764407552
 15767821688
 15771235824
 15774649960
 15778064104
 15781478400
 15784892536
 15788306672
 15791720808
 15795134944
 15798549080
 15801963216
 15805377352
 15808791488
 15812205624
 15815619760
 15819033896
 15822448032
 15825862168
 15829276304
 15832690440
 15836104576
 15839518712
 15842932848
 15846346984
 15849761128
 15853175424
 15856589560
 15860003696
 15863417832
 15867452136
 15871481320
 15875510504
 15879539688
 15883568872
 15887598056
 15891627240
 15895656424
 15899685608
 15903714792
 15907743976
 15911773160
 15915802344
 15919831528
 15923860712
 15928407152
 15932313576
 15936219864
 15940126152
 15944032440
 15947938728
 15951845016
 15955751304
 15959657592
 15963563880
 15967470872
 15971377160
 15975283448
 15979189736
 15983096024
 15987002312
 15990908600
 15994814888
 15998721176
 16002627464
 16006533752
 16009984248
 16013398512
 16016812648
 16020226784
 16023640920
 16027055056
 16030469192
 16033883328
 16037297464
 16040711600
 16044125736
 16047539872
 16050954008
 16054368144
 16057782280
 16061196416
 16064610552
 16068024688
 16071438824
 16074852960
 16078267096
 16081681240
 16085612776
 16089519064
 16093425352
 16097331640
 16101237928
 16105144216
 16109050504
 16112956792
 16116863080
 16120769368
 16124675656
 16128581944
 16132488232
 16136394520
 16140300808
 16144207096
 16148113384
 16152019672
 16155925960
 16159832248
 16163738544
 16167152840
 16170566976
 16173981112
 16177395248
 16180809384
 16184223520
 16187637656
 16191051792
 16194465928
 16197880064
 16201294200
 16204708336
 16208122472
 16211536608
 16214951448
 16218365584
 16221779720
 16225193856
 16228607992
 16232022128
 16235436272
 16238845448
 16242259584
 16245673720
 16249087856
 16252501992
 16255916128
 16259330264
 16262744400
 16266158536
 16269572672
 16272986808
 16276400944
 16279815080
 16283229216
 16287258400
 16291287584
 16295316768
 16299345952
 16303375136
 16307404320
 16310859576
 16314273712
 16317687848
 16321101984
 16324516120
 16327930256
 16331344392
 16334758528
 16338172664
 16341586800
 16345000936
 16348415072
 16351829208
 16355243344
 16358657480
 16362071616
 16365485752
 16368899888
 16372314024
 16375728160
 16379142296
 16382556432
 16386006584
 16389420720
 16392834856
 16396248992
 16399663128
 16403077264
 16406491400
 16409905536
 16413319672
 16416733808
 16420147944
 16423562080
 16426976216
 16430390352
 16433804488
 16437218624
 16440632760
 16444046896
 16447461032
 16450875168
 16454289312
 16457703608
 16461117744
 16464531880
 16467946016
 16471877392
 16475783680
 16479689968
 16483596256
 16487502544
 16491408832
 16495315120
 16499221408
 16503127696
 16507034688
 16510940976
 16514847264
 16518753552
 16522659840
 16526566128
 16530472424
 16533886712
 16537300848
 16540714984
 16544129120
 16547543256
 16550957392
 16554888768
 16558795056
 16562701344
 16566607632
 16570513920
 16574420208
 16578326496
 16582232784
 16586139072
 16590045360
 16593951648
 16597857936
 16601764224
 16605711480
 16609125768
 16612539904
 16615954040
 16619368176
 16622782312
 16626196448
 16629610584
 16633024720
 16636438856
 16639852992
 16643267128
 16646681264
 16650095400
 16653509536
 16656923672
 16660337808
 16663751944
 16667166080
 16670580216
 16673994352
 16677408496
 16680822792
 16684236928
 16687651064
 16691065200
 16694479336
 16697893472
 16701307608
 16705238984
 16709145976
 16713052264
 16716958552
 16720864840
 16724771128
 16728677416
 16732583704
 16736515592
 16740421880
 16744328168
 16748234456
 16752140744
 16755596000
 16759010136
 16762424272
 16765838408
 16769252544
 16772666680
 16776080816
 16779494952
 16782909088
 16786323224
 16789737360
 16793151496
 16796565632
 16799979768
 16803393904
 16806808040
 16810222176
 16813636312
 16817050448
 16820464584
 16823878728
 16827293024
 16830707160
 16834121296
 16837535432
 16840949568
 16844363704
 16847777840
 16851191976
 16854606112
 16858020248
 16861434384
 16864848520
 16868262656
 16871676792
 16875090928
 16878505064
 16881919200
 16885333336
 16888747472
 16892161608
 16895575752
 16898990048
 16902404184
 16905818320
 16909232456
 16912646592
 16916060728
 16920054064
 16924021800
 16927989536
 16931957272
 16935925008
 16939892744
 16943860480
 16947828216
 16951795952
 16955763688
 16959731424
 16963699160
 16967666896
 16971675600
 16975089888
 16978504024
 16981918160
 16985332296
 16988746432
 16992160568
 16995574704
 16998988840
 17002402976
 17005817112
 17009231248
 17012645384
 17016059520
 17019473656
 17022887792
 17026301928
 17029716064
 17033130200
 17036544336
 17039958472
 17043373320
 17046787616
 17050201752
 17053615888
 17057030024
 17060444160
 17063858296
 17067272432
 17070686568
 17074100704
 17077514840
 17080928976
 17084343112
 17087757248
 17091688624
 17095594912
 17099501200
 17103407488
 17107313776
 17111220064
 17115126352
 17118581608
 17121995744
 17125409880
 17129341256
 17133247544
 17137153832
 17141060120
 17144966408
 17148872696
 17152778984
 17156685272
 17160591560
 17164497848
 17168404136
 17172310424
 17176216712
 17180123000
 17184029288
 17187935576
 17191841864
 17195748160
 17199162424
 17202576560
 17205990696
 17209404832
 17212818968
 17216233104
 17219647240
 17223061376
 17226475512
 17229889648
 17233303784
 17236717920
 17240132056
 17243546192
 17246960328
 17250989512
 17255018696
 17259047880
 17263077064
 17267106248
 17270561504
 17273975640
 17277389776
 17280803912
 17284218048
 17287632184
 17291046320
 17294460456
 17297874592
 17301288728
 17304702864
 17308117000
 17311531136
 17314945272
 17318359408
 17321774248
 17325188384
 17328602520
 17332016656
 17335430792
 17338844936
 17342259232
 17345673368
 17349087504
 17352501640
 17355915776
 17359329912
 17362744048
 17366158184
 17369572320
 17372986456
 17376400592
 17379814728
 17383228864
 17386643000
 17390057136
 17393471272
 17396885408
 17400299544
 17403713680
 17407127816
 17410541960
 17413956256
 17417370392
 17420784528
 17424198664
 17428227848
 17432257032
 17436286216
 17440315400
 17444344584
 17448373768
 17452402952
 17456432136
 17460461320
 17464490504
 17468519688
 17472548872
 17476578056
 17480607240
 17484636424
 17488665616
 17492079904
 17495494040
 17498908176
 17502322312
 17505736448
 17509150584
 17512564720
 17515978856
 17519392992
 17522807128
 17526221264
 17529635400
 17533049536
 17536463672
 17539877808
 17543291944
 17546706080
 17550120216
 17553534352
 17556948488
 17560879872
 17564786312
 17568692600
 17572598888
 17576505880
 17580412168
 17584932992
 17589453816
 17593974640
 17598495464
 17603016288
 17607537112
 17612057936
 17616578760
 17621099584
 17625620408
 17630141232
 17634662056
 17639182880
 17643703704
 17648224528
 17652745368
 17656159656
 17659573792
 17662987928
 17666402064
 17670333440
 17674239728
 17678146016
 17682052304
 17685958592
 17689864880
 17693771168
 17697677456
 17701583744
 17705490032
 17709396320
 17713302608
 17717208896
 17721115184
 17725021472
 17728927768
 17732342056
 17735756192
 17739170328
 17742584464
 17745998600
 17749412736
 17752826872
 17756241008
 17759655144
 17763069280
 17766483416
 17769897552
 17773311688
 17776725824
 17780139960
 17783554096
 17786968232
 17790382368
 17793796504
 17797210640
 17800624784
 17804039080
 17807453216
 17810867352
 17814281488
 17817695624
 17821109760
 17824523896
 17827938032
 17831967216
 17835996400
 17840025584
 17844054768
 17848083952
 17852113136
 17856142320
 17860171504
 17864200688
 17868230576
 17872259760
 17876288944
 17879744200
 17883158336
 17886572472
 17889986608
 17893400744
 17896814880
 17900229016
 17903643152
 17907057288
 17910471424
 17914500608
 17918529792
 17922558976
 17926588160
 17930617344
 17934646528
 17938675712
 17942704896
 17946734080
 17950763264
 17954735760
 17958642048
 17962548336
 17966454624
 17970360912
 17974267200
 17978173488
 17982079776
 17985986064
 17989892352
 17993798640
 17997704928
 18001611216
 18005517504
 18009423792
 18013330080
 18017236368
 18021762312
 18026283136
 18030803960
 18034254096
 18037668232
 18041082368
 18044496504
 18047910640
 18051324776
 18054738912
 18058153048
 18061567184
 18064981320
 18068395456
 18071809592
 18075223728
 18078637864
 18082052000
 18085983376
 18089889664
 18093795952
 18097702240
 18101608528
 18105514824
 18108929120
 18112343256
 18115757392
 18119171528
 18122585664
 18125999800
 18129413936
 18132828072
 18136242208
 18139656344
 18143070480
 18146484616
 18149898752
 18153312888
 18156727024
 18160141160
 18163556000
 18166970136
 18170384272
 18173798408
 18177212552
 18180626848
 18184040984
 18187455120
 18190869256
 18194283392
 18197697528
 18201111664
 18204525800
 18207939936
 18211354072
 18214768208
 18218182344
 18221596480
 18225010616
 18228424752
 18231838888
 18235253024
 18238667160
 18242081296
 18245495432
 18248909576
 18252323872
 18255738008
 18259152144
 18262566280
 18265980416
 18269394552
 18272808688
 18276222824
 18279636960
 18283051096
 18287085400
 18291114584
 18295143768
 18299172952
 18303202136
 18307231320
 18311260504
 18315289688
 18319318872
 18323348056
 18326803312
 18330217448
 18333631584
 18337045720
 18340459856
 18343873992
 18347288128
 18350702264
 18354731448
 18358760632
 18362789816
 18366819000
 18370848184
 18374877368
 18378906552
 18382935736
 18386964920
 18390994104
 18395023288
 18399052472
 18402508432
 18405922568
 18409336704
 18412750840
 18416164976
 18419579112
 18422993248
 18426407384
 18429821520
 18433235656
 18436649792
 18440063928
 18443478064
 18446892200
 18450306336
 18453720472
 18457134608
 18460548744
 18463962880
 18467377016
 18470791160
 18474205456
 18477619592
 18481033728
 18484447864
 18487862000
 18491276136
 18494690272
 18498104408
 18501518544
 18504932680
 18508346816
 18511760952
 18515175088
 18518589224
 18522003360
 18525417496
 18528831632
 18532245768
 18535659904
 18539074040
 18542488184
 18545902480
 18549316616
 18552730752
 18556662128
 18560568416
 18564474704
 18568380992
 18572287280
 18576193568
 18580099856
 18584006144
 18587912432
 18591818720
 18595725008
 18599631296
 18603537584
 18607443872
 18611350160
 18615256448
 18619162736
 18623069032
 18626483328
 18629897464
 18633926648
 18637955832
 18641985016
 18646014200
 18650043384
 18654072568
 18658101752
 18662130936
 18666160120
 18670189304
 18674218488
 18678247672
 18682276856
 18686306040
 18690335224
 18694364408
 18698393592
 18702422776
 18705872912
 18709287048
 18712701888
 18716116024
 18719530160
 18722944296
 18726358432
 18729772568
 18733186704
 18736600840
 18740014976
 18743429112
 18746843248
 18750257384
 18754188760
 18758095048
 18762001336
 18765907624
 18769813912
 18773720200
 18777175456
 18780589592
 18784003728
 18787417864
 18790832000
 18794246136
 18797660272
 18801074408
 18804488544
 18807902680
 18811316816
 18814730952
 18818145088
 18821559224
 18824973360
 18828387496
 18831801632
 18835215768
 18838629904
 18842044040
 18845458184
 18848872480
 18852286616
 18855700752
 18859114888
 18862529024
 18865943160
 18869357296
 18872771432
 18876185568
 18879599704
 18883013840
 18886427976
 18889842112
 18893871296
 18897900480
 18901929664
 18905958848
 18909988032
 18914017216
 18918046400
 18921501656
 18924915792
 18928329928
 18931744064
 18935158200
 18938572336
 18941986472
 18945400608
 18948814744
 18952228880
 18955643016
 18959057152
 18962471288
 18965886128
 18969300264
 18972714400
 18976128536
 18979542672
 18982956808
 18986370944
 18989785088
 18993199384
 18996613520
 19000027656
 19003441792
 19006855928
 19010270064
 19013684200
 19017098336
 19020512472
 19023926608
 19027340744
 19030754880
 19034169016
 19037583152
 19040997288
 19044411424
 19047825560
 19051239696
 19054653832
 19058067968
 19061482112
 19064896408
 19068310544
 19071724680
 19075138816
 19079168000
 19083197184
 19087226368
 19091255552
 19095284736
 19099313920
 19103343104
 19107372288
 19111401472
 19115430656
 19119459840
 19123489024
 19127518208
 19131547392
 19135576576
 19139605768
 19143020056
 19146434192
 19149848328
 19153262464
 19156676600
 19160090736
 19163504872
 19166919008
 19170333144
 19173747280
 19177161416
 19180575552
 19183989688
 19187403824
 19190817960
 19194232096
 19197646232
 19201060368
 19204474504
 19208503688
 19212532880
 19215947176
 19219362016
 19222776152
 19226190288
 19229604424
 19233018560
 19236432696
 19239846832
 19243260968
 19246675104
 19250089240
 19253503376
 19256917512
 19260331648
 19263745784
 19267159920
 19270574056
 19273988192
 19277402328
 19280816464
 19284230608
 19287644904
 19291059040
 19294473176
 19297887312
 19301301448
 19304715584
 19308129720
 19311543856
 19314957992
 19318372128
 19321786264
 19325200400
 19328614536
 19332028672
 19335442808
 19338856944
 19342271080
 19345685216
 19349099352
 19352513488
 19355927632
 19359341920
 19362756056
 19366170192
 19369584328
 19372998464
 19376412600
 19379826736
 19383240872
 19386655008
 19390069144
 19393483280
 19396897416
 19400311552
 19404242928
 19408149216
 19412055504
 19415961792
 19419868080
 19423774368
 19427680656
 19431135912
 19434550048
 19437964184
 19441378320
 19444792456
 19448206592
 19452235776
 19456264960
 19460294144
 19464323328
 19468352512
 19472381696
 19476410880
 19480440768
 19484469952
 19488499136
 19492528320
 19496557504
 19500586688
 19504656840
 19508071128
 19511485264
 19514899400
 19518313536
 19521727672
 19525141808
 19528555944
 19531970080
 19535384216
 19538798352
 19542212488
 19545626624
 19549040760
 19552454896
 19555869032
 19559283168
 19562697304
 19566111440
 19569525576
 19572939712
 19576353856
 19579768152
 19583182288
 19586596424
 19590010560
 19593424696
 19596838832
 19600252968
 19603667104
 19607081240
 19610495376
 19613909512
 19617323648
 19620737784
 19624151920
 19627566056
 19630980192
 19634394328
 19637808464
 19641222600
 19644636736
 19648050880
 19651465176
 19654879312
 19658293448
 19661707584
 19665121720
 19668535856
 19671949992
 19675364128
 19678778264
 19682193104
 19685607240
 19689021376
 19692435512
 19695849648
 19699263784
 19702677920
 19706092056
 19709506192
 19712920328
 19716334464
 19719748608
 19723162904
 19726577040
 19729991176
 19733405312
 19736819448
 19740233584
 19743647720
 19747676904
 19751706088
 19755735272
 19759764456
 19763793640
 19767822824
 19771852008
 19775881192
 19779910376
 19783939560
 19787968744
 19791997928
 19796027112
 19799482368
 19802896504
 19806310640
 19809724776
 19813138912
 19816553048
 19819967184
 19823381320
 19826795456
 19830824640
 19834853824
 19838883008
 19842912192
 19846941376
 19850970560
 19854999744
 19859028928
 19863058112
 19867087296
 19871116480
 19874571736
 19877985872
 19881400008
 19884814144
 19888228280
 19891642416
 19895056552
 19898470688
 19901884824
 19905298960
 19908713096
 19912127232
 19915541368
 19918955504
 19922369640
 19925783776
 19929197912
 19932612752
 19936026888
 19939441024
 19942855168
 19946269456
 19949683592
 19953097728
 19956511864
 19959926000
 19963340136
 19966754272
 19970168408
 19973582544
 19976996680
 19980410816
 19983824952
 19987239088
 19990653224
 19994067360
 19997481496
 20000895632
 20004309768
 20007723904
 20011138040
 20014552184
 20017966480
 20021380616
 20024794752
 20028208888
 20031623024
 20035037160
 20038451296
 20041865432
 20045279568
 20048693704
 20052107840
 20055521976
 20059453352
 20063359640
 20067265928
 20071172216
 20075083704
 20079604528
 20084125352
 20088646176
 20092101432
 20095515568
 20098929704
 20102343840
 20105757976
 20109172112
 20112586248
 20116000384
 20119414520
 20122828656
 20126242792
 20129656928
 20133071064
 20136485200
 20139899336
 20143313472
 20146727608
 20150141744
 20153555880
 20156970016
 20160384160
 20163798456
 20167212592
 20170626728
 20174040864
 20177455000
 20180869840
 20184283976
 20187698112
 20191112248
 20194526384
 20197940520
 20201354656
 20204768792
 20208182928
 20211597064
 20215011200
 20218425336
 20221839472
 20225253608
 20228667744
 20232081888
 20235496184
 20238910320
 20242939504
 20246968688
 20250997872
 20255027056
 20259056240
 20263085424
 20267114608
 20271143792
 20275172976
 20279202160
 20283231344
 20287260528
 20291289712
 20295318896
 20299348080
 20303377264
 20307406448
 20311435632
 20314885768
 20318299904
 20321714040
 20325128176
 20328542312
 20331956448
 20335370584
 20338784720
 20342198856
 20345612992
 20349027128
 20352441264
 20355855400
 20359269536
 20362683672
 20366097808
 20369511944
 20372926080
 20376340216
 20380369400
 20384398592
 20387812888
 20391227024
 20394641160
 20398055296
 20401469432
 20404883568
 20408297704
 20411711840
 20415125976
 20418540112
 20421954248
 20425368384
 20428782520
 20432196656
 20435610792
 20439024928
 20442439064
 20445853904
 20449268040
 20452682176
 20456096320
 20459510608
 20462924744
 20466338880
 20469753016
 20473167152
 20476581288
 20479995424
 20483409560
 20486823696
 20490237832
 20493651968
 20497066104
 20500480240
 20503894376
 20507308512
 20510722648
 20514136784
 20517550920
 20520965056
 20524379192
 20527793336
 20531207632
 20534621768
 20538035904
 20541450040
 20544864176
 20548278312
 20551692448
 20556243992
 20561379352
 20566514712
 20571650072
 20576785432
 20581920792
 20587056152
 20592191512
 20597326872
 20602462232
 20607597592
 20612732952
 20617868312
 20623003688
 20626417968
 20629832104
 20633246240
 20636660376
 20640074512
 20643488648
 20646902784
 20650316920
 20653731056
 20657145192
 20660559328
 20663973464
 20667387600
 20670801736
 20674215872
 20677630008
 20681044144
 20684458280
 20687872416
 20691286552
 20694700696
 20698114992
 20701529128
 20704943264
 20708357400
 20711771536
 20715185672
 20718599808
 20722014648
 20725428784
 20728842920
 20732257056
 20735671192
 20739085328
 20742499464
 20745913600
 20749327736
 20752741872
 20756156008
 20759570144
 20762984280
 20766398424
 20769812712
 20773226848
 20776640984
 20780055120
 20783469256
 20786883392
 20790297528
 20793711664
 20797125800
 20800539936
 20803954072
 20807885448
 20811791736
 20815698024
 20819604312
 20823510600
 20827442488
 20831348776
 20835255064
 20839161352
 20842616608
 20846030744
 20849444880
 20852859016
 20856888200
 20860917384
 20864946568
 20868975752
 20873004936
 20877034120
 20881063304
 20885092488
 20889121672
 20893150856
 20897180040
 20901209224
 20905238408
 20909267592
 20913296776
 20917325968
 20920740256
 20924154392
 20927568528
 20930982664
 20934396800
 20937810936
 20941225072
 20944639208
 20948053344
 20951467480
 20954881616
 20958295752
 20961709888
 20965124024
 20968538160
 20971953000
 20975367136
 20978781272
 20982195408
 20985609544
 20989023688
 20992437984
 20995852120
 20999266256
 21002680392
 21006094528
 21009508664
 21013440040
 21017346328
 21021252616
 21025158904
 21029065192
 21032971480
 21036877768
 21040784056
 21044690344
 21048596632
 21052502920
 21056409208
 21060930032
 21065491824
 21068906112
 21072320248
 21075734384
 21079148520
 21082562656
 21085976792
 21089390928
 21092805064
 21096219200
 21099633336
 21103047472
 21106461608
 21109875744
 21113289880
 21116704016
 21120118152
 21123532288
 21126946424
 21130360560
 21133774696
 21137188840
 21140603136
 21144017272
 21147431408
 21150845544
 21154259680
 21157673816
 21161087952
 21164502088
 21167916224
 21171330360
 21174744496
 21178158632
 21181572768
 21184986904
 21188401040
 21191815176
 21195229312
 21198643448
 21202057584
 21205471720
 21208885864
 21212300160
 21215714296
 21219743480
 21223772664
 21227801848
 21231831032
 21235860216
 21239889400
 21243918584
 21247947768
 21251976952
 21256006136
 21260035320
 21264064504
 21268093688
 21272122872
 21276152760
 21280181944
 21284211128
 21288240312
 21292207688
 21296113976
 21300020264
 21303926552
 21307832840
 21311739128
 21315645416
 21319551704
 21323457992
 21327364280
 21331270568
 21335176856
 21339083144
 21342989432
 21346895720
 21350802008
 21354708296
 21358614584
 21362520872
 21366427160
 21370333456
 21373747752
 21377161888
 21380576024
 21383990160
 21387404296
 21390818432
 21394232568
 21397646704
 21401060840
 21404474976
 21407889112
 21411303248
 21414717384
 21418131520
 21421545656
 21424959792
 21428373928
 21431788064
 21435202200
 21438616336
 21442030480
 21445444768
 21448858904
 21452273040
 21455687176
 21459101312
 21462515448
 21465929584
 21469343720
 21472757856
 21476171992
 21479586128
 21483000264
 21486414400
 21489828536
 21493242672
 21496656808
 21500070944
 21503485080
 21506899216
 21510313352
 21513727496
 21517141792
 21520555928
 21523970064
 21527384200
 21530798336
 21534212472
 21538143848
 21542050136
 21545956424
 21549863416
 21554384240
 21558905064
 21563425888
 21567946712
 21572467536
 21576988360
 21581509184
 21586030008
 21590550832
 21595071656
 21598521792
 21601935928
 21605350064
 21608764200
 21612178336
 21615592472
 21619006608
 21622420744
 21625834880
 21629249016
 21632663152
 21636077288
 21639491424
 21643520608
 21647549792
 21651578976
 21655608160
 21659637344
 21663666528
 21667695712
 21671150968
 21674565104
 21677979240
 21681393376
 21684807512
 21688221648
 21691635784
 21695049920
 21698464056
 21701878192
 21705292328
 21708706464
 21712120600
 21715534736
 21718948872
 21722363008
 21725777144
 21729191280
 21732605416
 21736019552
 21739433696
 21742847992
 21746262128
 21749676264
 21753090400
 21756504536
 21759918672
 21763332808
 21766746944
 21770161080
 21773575216
 21776989352
 21780403488
 21783817624
 21787231760
 21790645896
 21794060032
 21797474168
 21800889008
 21804303144
 21807717280
 21811131424
 21814545720
 21817959856
 21821373992
 21824788128
 21828202264
 21831616400
 21835030536
 21838444672
 21841858808
 21845272944
 21848687080
 21852101216
 21855515352
 21859446728
 21863353016
 21867259304
 21871165592
 21875071880
 21878978168
 21882884456
 21886339712
 21889753848
 21893167984
 21896582120
 21899996256
 21903410392
 21906824528
 21910238664
 21913652800
 21917066936
 21920481072
 21923895208
 21927309344
 21930723480
 21934137616
 21937551752
 21940965888
 21944380024
 21947794160
 21951208296
 21954622440
 21958036736
 21961450872
 21964865008
 21968279144
 21971693280
 21975107416
 21978521552
 21981935688
 21985349824
 21988763960
 21992178096
 21995592232
 21999006368
 22002420504
 22005834640
 22009248776
 22012662912
 22016077048
 22019491184
 22022905320
 22026319464
 22029733760
 22033147896
 22037079272
 22040985560
 22044891848
 22048798136
 22052704424
 22056610712
 22060517000
 22064423288
 22068329576
 22072235864
 22076142152
 22080049144
 22083955432
 22087861720
 22091768008
 22095674296
 22099580584
 22103486872
 22107418768
 22111325216
 22115231504
 22119137792
 22123044080
 22126950368
 22130856656
 22134762944
 22138669232
 22142575520
 22146481808
 22150388096
 22154294384
 22158200672
 22162106960
 22166013248
 22169919536
 22173825824
 22177732112
 22181638400
 22185544688
 22188995184
 22192409480
 22195823616
 22199852800
 22203881984
 22207911168
 22211940352
 22215969536
 22219998720
 22224027904
 22228057088
 22232086272
 22236115456
 22240144640
 22244173824
 22248203008
 22252232192
 22256261376
 22260290560
 22264319744
 22268348928
 22271799064
 22275213200
 22278627336
 22282041472
 22285455608
 22288869744
 22292283880
 22295698016
 22299112152
 22302526288
 22305940424
 22309354560
 22312768696
 22316182832
 22319596968
 22323528344
 22327434632
 22331340920
 22335247912
 22339154200
 22343060496
 22346474792
 22349888928
 22353303064
 22356717200
 22360131336
 22363545472
 22366959608
 22370373744
 22373787880
 22377202016
 22380616152
 22384030288
 22387444424
 22390858560
 22394272696
 22397686832
 22401100968
 22405032344
 22408938632
 22412844920
 22416751216
 22420165512
 22423579648
 22426993784
 22430407920
 22433822056
 22437236192
 22440650328
 22444064464
 22447478600
 22450892736
 22454306872
 22457721008
 22461135144
 22464549280
 22467963416
 22471377552
 22474791688
 22478205824
 22481619960
 22485034096
 22488448240
 22491857416
 22495271552
 22498685688
 22502099824
 22505513960
 22508928096
 22512859472
 22516765760
 22520672048
 22524578336
 22528484624
 22532390912
 22536297200
 22540203488
 22544109776
